Resolving dependencies...
Downloading packages...
  _flutterfire_internals 1.3.59 (1.3.65 available)
  characters 1.4.0 (1.4.1 available)
  cloud_firestore 5.6.12 (6.1.1 available)
  cloud_firestore_platform_interface 6.6.12 (7.0.5 available)
  cloud_firestore_web 4.4.12 (5.1.1 available)
  firebase_auth 5.7.0 (6.1.3 available)
  firebase_auth_platform_interface 7.7.3 (8.1.5 available)
  firebase_auth_web 5.15.3 (6.1.1 available)
  firebase_core 3.15.2 (4.3.0 available)
  firebase_core_web 2.24.1 (3.3.1 available)
  flutter_lints 3.0.2 (6.0.0 available)
  flutter_riverpod 2.6.1 (3.0.3 available)
  go_router 12.1.3 (17.0.1 available)
  google_sign_in 6.3.0 (7.2.0 available)
  google_sign_in_android 6.2.1 (7.2.7 available)
  google_sign_in_ios 5.9.0 (6.2.4 available)
  google_sign_in_platform_interface 2.5.0 (3.1.0 available)
  google_sign_in_web 0.12.4+4 (1.1.0 available)
  lints 3.0.0 (6.0.0 available)
  matcher 0.12.17 (0.12.18 available)
  material_color_utilities 0.11.1 (0.13.0 available)
  package_info_plus 8.3.1 (9.0.0 available)
  pinput 5.0.2 (6.0.1 available)
  riverpod 2.6.1 (3.0.3 available)
  test_api 0.7.7 (0.7.8 available)
Got dependencies!
25 packages have newer versions incompatible with dependency constraints.
Try `flutter pub outdated` for more information.
Running Gradle task 'assembleRelease'...                        
ERROR: Missing classes detected while running R8. Please add the missing classes or apply additional keep rules that are generated in D:\lostAndFinder\build\app\outputs\mapping\release\missing_rules.txt.
ERROR: R8: Missing class com.google.mlkit.vision.text.chinese.ChineseTextRecognizerOptions$Builder (referenced from: com.google.mlkit.vision.text.TextRecognizer com.google_mlkit_text_recognition.TextRecognizer.initialize(io.flutter.plugin.common.MethodCall))
Missing class com.google.mlkit.vision.text.chinese.ChineseTextRecognizerOptions (referenced from: com.google.mlkit.vision.text.TextRecognizer com.google_mlkit_text_recognition.TextRecognizer.initialize(io.flutter.plugin.common.MethodCall))
Missing class com.google.mlkit.vision.text.devanagari.DevanagariTextRecognizerOptions$Builder (referenced from: com.google.mlkit.vision.text.TextRecognizer com.google_mlkit_text_recognition.TextRecognizer.initialize(io.flutter.plugin.common.MethodCall))
Missing class com.google.mlkit.vision.text.devanagari.DevanagariTextRecognizerOptions (referenced from: com.google.mlkit.vision.text.TextRecognizer com.google_mlkit_text_recognition.TextRecognizer.initialize(io.flutter.plugin.common.MethodCall))
Missing class com.google.mlkit.vision.text.japanese.JapaneseTextRecognizerOptions$Builder (referenced from: com.google.mlkit.vision.text.TextRecognizer com.google_mlkit_text_recognition.TextRecognizer.initialize(io.flutter.plugin.common.MethodCall))
Missing class com.google.mlkit.vision.text.japanese.JapaneseTextRecognizerOptions (referenced from: com.google.mlkit.vision.text.TextRecognizer com.google_mlkit_text_recognition.TextRecognizer.initialize(io.flutter.plugin.common.MethodCall))
Missing class com.google.mlkit.vision.text.korean.KoreanTextRecognizerOptions$Builder (referenced from: com.google.mlkit.vision.text.TextRecognizer com.google_mlkit_text_recognition.TextRecognizer.initialize(io.flutter.plugin.common.MethodCall))
Missing class com.google.mlkit.vision.text.korean.KoreanTextRecognizerOptions (referenced from: com.google.mlkit.vision.text.TextRecognizer com.google_mlkit_text_recognition.TextRecognizer.initialize(io.flutter.plugin.common.MethodCall))

FAILURE: Build failed with an exception.

* What went wrong:
Execution failed for task ':app:minifyReleaseWithR8'.
> A failure occurred while executing com.android.build.gradle.internal.tasks.R8Task$R8Runnable
   > Compilation failed to complete

* Try:
> Run with --stacktrace option to get the stack trace.
> Run with --info or --debug option to get more log output.
> Run with --scan to get full insights.
> Get more help at https://help.gradle.org.

BUILD FAILED in 18s
Running Gradle task 'assembleRelease'...                           19.0s
Gradle task assembleRelease failed with exit code 1
